CCS PCM C Compiler, Version 5.015, 5967               17-nov.-24 02:29

               Filename:   E:\DocLap\Semestre 7\Micros\C8\C8\C8\C8.lst

               ROM used:   750 words (9%)
                           Largest free fragment is 2048
               RAM used:   8 (2%) at main() level
                           20 (5%) worst case
               Stack used: 5 locations
               Stack size: 8

*
0000:  MOVLW  01
0001:  MOVWF  0A
0002:  GOTO   1F8
0003:  NOP
.................... #include <16f887.h> 
.................... //////////// Standard Header file for the PIC16F887 device //////////////// 
.................... /////////////////////////////////////////////////////////////////////////// 
.................... ////        (C) Copyright 1996, 2013 Custom Computer Services          //// 
.................... //// This source code may only be used by licensed users of the CCS C  //// 
.................... //// compiler.  This source code may only be distributed to other      //// 
.................... //// licensed users of the CCS C compiler.  No other use, reproduction //// 
.................... //// or distribution is permitted without written permission.          //// 
.................... //// Derivative programs created using this software in object code    //// 
.................... //// form are not restricted in any way.                               //// 
.................... /////////////////////////////////////////////////////////////////////////// 
.................... #device PIC16F887 
0004:  DATA CC,22
0005:  DATA C4,18
0006:  DATA 3A,10
0007:  DATA AD,20
0008:  DATA F0,30
0009:  DATA E7,30
000A:  DATA E4,37
000B:  DATA 2D,00
000C:  DATA CC,22
000D:  DATA C4,18
000E:  DATA A0,20
000F:  DATA F0,30
0010:  DATA E7,30
0011:  DATA E4,37
0012:  DATA 0D,05
0013:  DATA 00,00
0014:  DATA CC,22
0015:  DATA C4,18
0016:  DATA 3A,10
0017:  DATA 45,37
0018:  DATA E3,32
0019:  DATA 6E,32
001A:  DATA 69,32
001B:  DATA 6F,00
001C:  DATA CC,22
001D:  DATA C4,18
001E:  DATA A0,22
001F:  DATA EE,31
0020:  DATA 65,37
0021:  DATA E4,34
0022:  DATA E4,37
0023:  DATA 0D,05
0024:  DATA 00,01
0025:  DATA C6,37
0026:  DATA E3,37
0027:  DATA 3A,10
0028:  DATA 45,37
0029:  DATA E3,32
002A:  DATA 6E,32
002B:  DATA 69,32
002C:  DATA 6F,00
002D:  DATA C6,37
002E:  DATA E3,37
002F:  DATA A0,22
0030:  DATA EE,31
0031:  DATA 65,37
0032:  DATA E4,34
0033:  DATA E4,37
0034:  DATA 0D,05
0035:  DATA 00,01
0036:  DATA C6,37
0037:  DATA E3,37
0038:  DATA 3A,10
0039:  DATA AD,20
003A:  DATA F0,30
003B:  DATA E7,30
003C:  DATA E4,37
003D:  DATA 2D,00
003E:  DATA C6,37
003F:  DATA E3,37
0040:  DATA A0,20
0041:  DATA F0,30
0042:  DATA E7,30
0043:  DATA E4,37
0044:  DATA 0D,05
0045:  DATA 00,01
0046:  DATA C6,37
0047:  DATA E3,37
0048:  DATA 3A,10
0049:  DATA 45,37
004A:  DATA E3,32
004B:  DATA 6E,32
004C:  DATA 69,32
004D:  DATA 6F,00
004E:  DATA C6,37
004F:  DATA E3,37
0050:  DATA A0,22
0051:  DATA EE,31
0052:  DATA 65,37
0053:  DATA E4,34
0054:  DATA E4,37
0055:  DATA 0D,05
0056:  DATA 00,01
0057:  DATA C6,37
0058:  DATA E3,37
0059:  DATA 3A,10
005A:  DATA AD,20
005B:  DATA F0,30
005C:  DATA E7,30
005D:  DATA E4,37
005E:  DATA 2D,00
005F:  DATA C6,37
0060:  DATA E3,37
0061:  DATA A0,20
0062:  DATA F0,30
0063:  DATA E7,30
0064:  DATA E4,37
0065:  DATA 0D,05
0066:  DATA 00,00
*
014A:  MOVF   0B,W
014B:  MOVWF  22
014C:  BCF    0B.7
014D:  BSF    03.5
014E:  BSF    03.6
014F:  BSF    0C.7
0150:  BSF    0C.0
0151:  NOP
0152:  NOP
0153:  BCF    03.5
0154:  BCF    03.6
0155:  BTFSC  22.7
0156:  BSF    0B.7
0157:  BSF    03.6
0158:  MOVF   0C,W
0159:  ANDLW  7F
015A:  BTFSC  03.2
015B:  GOTO   19E
015C:  BCF    03.6
015D:  MOVWF  22
015E:  BSF    03.6
015F:  MOVF   0D,W
0160:  BCF    03.6
0161:  MOVWF  23
0162:  BSF    03.6
0163:  MOVF   0F,W
0164:  BCF    03.6
0165:  MOVWF  24
0166:  MOVF   22,W
0167:  MOVWF  25
0168:  CALL   11E
0169:  MOVF   23,W
016A:  BSF    03.6
016B:  MOVWF  0D
016C:  BCF    03.6
016D:  MOVF   24,W
016E:  BSF    03.6
016F:  MOVWF  0F
0170:  BCF    03.6
0171:  MOVF   0B,W
0172:  MOVWF  25
0173:  BCF    0B.7
0174:  BSF    03.5
0175:  BSF    03.6
0176:  BSF    0C.7
0177:  BSF    0C.0
0178:  NOP
0179:  NOP
017A:  BCF    03.5
017B:  BCF    03.6
017C:  BTFSC  25.7
017D:  BSF    0B.7
017E:  BSF    03.6
017F:  RLF    0C,W
0180:  RLF    0E,W
0181:  ANDLW  7F
0182:  BTFSC  03.2
0183:  GOTO   19E
0184:  BCF    03.6
0185:  MOVWF  22
0186:  BSF    03.6
0187:  MOVF   0D,W
0188:  BCF    03.6
0189:  MOVWF  23
018A:  BSF    03.6
018B:  MOVF   0F,W
018C:  BCF    03.6
018D:  MOVWF  24
018E:  MOVF   22,W
018F:  MOVWF  25
0190:  CALL   11E
0191:  MOVF   23,W
0192:  BSF    03.6
0193:  MOVWF  0D
0194:  BCF    03.6
0195:  MOVF   24,W
0196:  BSF    03.6
0197:  MOVWF  0F
0198:  INCF   0D,F
0199:  BTFSC  03.2
019A:  INCF   0F,F
019B:  BCF    03.6
019C:  GOTO   14A
019D:  BSF    03.6
019E:  BCF    03.6
019F:  RETURN
01A0:  MOVF   0B,W
01A1:  MOVWF  22
01A2:  BCF    0B.7
01A3:  BSF    03.5
01A4:  BSF    03.6
01A5:  BSF    0C.7
01A6:  BSF    0C.0
01A7:  NOP
01A8:  NOP
01A9:  BCF    03.5
01AA:  BCF    03.6
01AB:  BTFSC  22.7
01AC:  BSF    0B.7
01AD:  BSF    03.6
01AE:  MOVF   0C,W
01AF:  ANDLW  7F
01B0:  BTFSC  03.2
01B1:  GOTO   1F6
01B2:  BCF    03.6
01B3:  MOVWF  22
01B4:  BSF    03.6
01B5:  MOVF   0D,W
01B6:  BCF    03.6
01B7:  MOVWF  23
01B8:  BSF    03.6
01B9:  MOVF   0F,W
01BA:  BCF    03.6
01BB:  MOVWF  24
01BC:  MOVF   22,W
01BD:  BTFSS  0C.4
01BE:  GOTO   1BD
01BF:  MOVWF  19
01C0:  MOVF   23,W
01C1:  BSF    03.6
01C2:  MOVWF  0D
01C3:  BCF    03.6
01C4:  MOVF   24,W
01C5:  BSF    03.6
01C6:  MOVWF  0F
01C7:  BCF    03.6
01C8:  MOVF   0B,W
01C9:  MOVWF  25
01CA:  BCF    0B.7
01CB:  BSF    03.5
01CC:  BSF    03.6
01CD:  BSF    0C.7
01CE:  BSF    0C.0
01CF:  NOP
01D0:  NOP
01D1:  BCF    03.5
01D2:  BCF    03.6
01D3:  BTFSC  25.7
01D4:  BSF    0B.7
01D5:  BSF    03.6
01D6:  RLF    0C,W
01D7:  RLF    0E,W
01D8:  ANDLW  7F
01D9:  BTFSC  03.2
01DA:  GOTO   1F6
01DB:  BCF    03.6
01DC:  MOVWF  22
01DD:  BSF    03.6
01DE:  MOVF   0D,W
01DF:  BCF    03.6
01E0:  MOVWF  23
01E1:  BSF    03.6
01E2:  MOVF   0F,W
01E3:  BCF    03.6
01E4:  MOVWF  24
01E5:  MOVF   22,W
01E6:  BTFSS  0C.4
01E7:  GOTO   1E6
01E8:  MOVWF  19
01E9:  MOVF   23,W
01EA:  BSF    03.6
01EB:  MOVWF  0D
01EC:  BCF    03.6
01ED:  MOVF   24,W
01EE:  BSF    03.6
01EF:  MOVWF  0F
01F0:  INCF   0D,F
01F1:  BTFSC  03.2
01F2:  INCF   0F,F
01F3:  BCF    03.6
01F4:  GOTO   1A0
01F5:  BSF    03.6
01F6:  BCF    03.6
01F7:  RETURN
*
02E6:  BCF    0A.0
02E7:  BSF    0A.1
02E8:  BCF    0A.2
02E9:  ADDWF  02,F
02EA:  GOTO   253
02EB:  GOTO   23C
02EC:  GOTO   26A
02ED:  GOTO   282
....................  
.................... #list 
....................  
.................... #fuses INTRC_IO, NOWDT, PROTECT, NOLVP, MCLR, NOBROWNOUT 
.................... #use delay(INTERNAL=4000000) 
*
0067:  MOVLW  27
0068:  MOVWF  04
0069:  BCF    03.7
006A:  MOVF   00,W
006B:  BTFSC  03.2
006C:  GOTO   07B
006D:  MOVLW  01
006E:  MOVWF  78
006F:  CLRF   77
0070:  DECFSZ 77,F
0071:  GOTO   070
0072:  DECFSZ 78,F
0073:  GOTO   06F
0074:  MOVLW  4A
0075:  MOVWF  77
0076:  DECFSZ 77,F
0077:  GOTO   076
0078:  GOTO   079
0079:  DECFSZ 00,F
007A:  GOTO   06D
007B:  RETURN
.................... #use rs232(baud=9600, xmit=PIN_C6, rcv=PIN_C7) 
....................  
.................... #include <lcd.c> 
.................... /////////////////////////////////////////////////////////////////////////////// 
.................... ////                             LCD.C                                     //// 
.................... ////                 Driver for common LCD modules                         //// 
.................... ////                                                                       //// 
.................... ////  lcd_init()   Must be called before any other function.               //// 
.................... ////                                                                       //// 
.................... ////  lcd_putc(c)  Will display c on the next position of the LCD.         //// 
.................... ////                 \a  Set cursor position to upper left                 //// 
.................... ////                 \f  Clear display, set cursor to upper left           //// 
.................... ////                 \n  Go to start of second line                        //// 
.................... ////                 \b  Move back one position                            //// 
.................... ////              If LCD_EXTENDED_NEWLINE is defined, the \n character     //// 
.................... ////              will erase all remanining characters on the current      //// 
.................... ////              line, and move the cursor to the beginning of the next   //// 
.................... ////              line.                                                    //// 
.................... ////              If LCD_EXTENDED_NEWLINE is defined, the \r character     //// 
.................... ////              will move the cursor to the start of the current         //// 
.................... ////              line.                                                    //// 
.................... ////                                                                       //// 
.................... ////  lcd_gotoxy(x,y) Set write position on LCD (upper left is 1,1)        //// 
.................... ////                                                                       //// 
.................... ////  lcd_getc(x,y)   Returns character at position x,y on LCD             //// 
.................... ////                                                                       //// 
.................... ////  lcd_cursor_on(int1 on)   Turn the cursor on (on=TRUE) or off         //// 
.................... ////              (on=FALSE).                                              //// 
.................... ////                                                                       //// 
.................... ////  lcd_set_cgram_char(w, *p)   Write a custom character to the CGRAM.   //// 
.................... ////                                                                       //// 
.................... ////                                                                       //// 
.................... ////  CONFIGURATION                                                        //// 
.................... ////  The LCD can be configured in one of two ways: a.) port access or     //// 
.................... ////  b.) pin access.  Port access requires the entire 7 bit interface     //// 
.................... ////  connected to one GPIO port, and the data bits (D4:D7 of the LCD)     //// 
.................... ////  connected to sequential pins on the GPIO.  Pin access                //// 
.................... ////  has no requirements, all 7 bits of the control interface can         //// 
.................... ////  can be connected to any GPIO using several ports.                    //// 
.................... ////                                                                       //// 
.................... ////  To use port access, #define LCD_DATA_PORT to the SFR location of     //// 
.................... ////  of the GPIO port that holds the interface, -AND- edit LCD_PIN_MAP    //// 
.................... ////  of this file to configure the pin order.  If you are using a         //// 
.................... ////  baseline PIC (PCB), then LCD_OUTPUT_MAP and LCD_INPUT_MAP also must  //// 
.................... ////  be defined.                                                          //// 
.................... ////                                                                       //// 
.................... ////  Example of port access:                                              //// 
.................... ////     #define LCD_DATA_PORT getenv("SFR:PORTD")                         //// 
.................... ////                                                                       //// 
.................... ////  To use pin access, the following pins must be defined:               //// 
.................... ////     LCD_ENABLE_PIN                                                    //// 
.................... ////     LCD_RS_PIN                                                        //// 
.................... ////     LCD_RW_PIN                                                        //// 
.................... ////     LCD_DATA4                                                         //// 
.................... ////     LCD_DATA5                                                         //// 
.................... ////     LCD_DATA6                                                         //// 
.................... ////     LCD_DATA7                                                         //// 
.................... ////                                                                       //// 
.................... ////  Example of pin access:                                               //// 
.................... ////     #define LCD_ENABLE_PIN  PIN_E0                                    //// 
.................... ////     #define LCD_RS_PIN      PIN_E1                                    //// 
.................... ////     #define LCD_RW_PIN      PIN_E2                                    //// 
.................... ////     #define LCD_DATA4       PIN_D4                                    //// 
.................... ////     #define LCD_DATA5       PIN_D5                                    //// 
.................... ////     #define LCD_DATA6       PIN_D6                                    //// 
.................... ////     #define LCD_DATA7       PIN_D7                                    //// 
.................... ////                                                                       //// 
.................... /////////////////////////////////////////////////////////////////////////////// 
.................... ////        (C) Copyright 1996,2010 Custom Computer Services           //// 
.................... //// This source code may only be used by licensed users of the CCS C  //// 
.................... //// compiler.  This source code may only be distributed to other      //// 
.................... //// licensed users of the CCS C compiler.  No other use, reproduction //// 
.................... //// or distribution is permitted without written permission.          //// 
.................... //// Derivative programs created using this software in object code    //// 
.................... //// form are not restricted in any way.                               //// 
.................... /////////////////////////////////////////////////////////////////////////// 
....................  
.................... #ifndef __LCD_C__ 
.................... #define __LCD_C__ 
....................  
.................... // define the pinout. 
.................... // only required if port access is being used. 
.................... typedef struct   
.................... {                            // This structure is overlayed 
....................    int1 enable;           // on to an I/O port to gain 
....................    int1 rs;               // access to the LCD pins. 
....................    int1 rw;               // The bits are allocated from 
....................    int1 unused;           // low order up.  ENABLE will 
....................    unsigned int     data : 4;         // be LSB pin of that port. 
....................   #if defined(__PCD__)       // The port used will be LCD_DATA_PORT. 
....................    unsigned int    reserved: 8; 
....................   #endif 
.................... } LCD_PIN_MAP; 
....................  
.................... // this is to improve compatability with previous LCD drivers that accepted 
.................... // a define labeled 'use_portb_lcd' that configured the LCD onto port B. 
.................... #if ((defined(use_portb_lcd)) && (use_portb_lcd==TRUE)) 
....................  #define LCD_DATA_PORT getenv("SFR:PORTB") 
.................... #endif 
....................  
.................... #if defined(__PCB__) 
....................    // these definitions only need to be modified for baseline PICs. 
....................    // all other PICs use LCD_PIN_MAP or individual LCD_xxx pin definitions. 
.................... /*                                    EN, RS,   RW,   UNUSED,  DATA  */ 
....................  const LCD_PIN_MAP LCD_OUTPUT_MAP =  {0,  0,    0,    0,       0}; 
....................  const LCD_PIN_MAP LCD_INPUT_MAP =   {0,  0,    0,    0,       0xF}; 
.................... #endif 
....................  
.................... ////////////////////// END CONFIGURATION /////////////////////////////////// 
....................  
.................... #ifndef LCD_ENABLE_PIN 
....................    #define lcd_output_enable(x) lcdlat.enable=x 
....................    #define lcd_enable_tris()   lcdtris.enable=0 
.................... #else 
....................    #define lcd_output_enable(x) output_bit(LCD_ENABLE_PIN, x) 
....................    #define lcd_enable_tris()  output_drive(LCD_ENABLE_PIN) 
.................... #endif 
....................  
.................... #ifndef LCD_RS_PIN 
....................    #define lcd_output_rs(x) lcdlat.rs=x 
....................    #define lcd_rs_tris()   lcdtris.rs=0 
.................... #else 
....................    #define lcd_output_rs(x) output_bit(LCD_RS_PIN, x) 
....................    #define lcd_rs_tris()  output_drive(LCD_RS_PIN) 
.................... #endif 
....................  
.................... #ifndef LCD_RW_PIN 
....................    #define lcd_output_rw(x) lcdlat.rw=x 
....................    #define lcd_rw_tris()   lcdtris.rw=0 
.................... #else 
....................    #define lcd_output_rw(x) output_bit(LCD_RW_PIN, x) 
....................    #define lcd_rw_tris()  output_drive(LCD_RW_PIN) 
.................... #endif 
....................  
.................... // original version of this library incorrectly labeled LCD_DATA0 as LCD_DATA4, 
.................... // LCD_DATA1 as LCD_DATA5, and so on.  this block of code makes the driver 
.................... // compatible with any code written for the original library 
.................... #if (defined(LCD_DATA0) && defined(LCD_DATA1) && defined(LCD_DATA2) && defined(LCD_DATA3) && !defined(LCD_DATA4) && !defined(LCD_DATA5) && !defined(LCD_DATA6) && !defined(LCD_DATA7)) 
....................    #define  LCD_DATA4    LCD_DATA0 
....................    #define  LCD_DATA5    LCD_DATA1 
....................    #define  LCD_DATA6    LCD_DATA2 
....................    #define  LCD_DATA7    LCD_DATA3 
.................... #endif 
....................  
.................... #ifndef LCD_DATA4 
.................... #ifndef LCD_DATA_PORT 
....................    #if defined(__PCB__) 
....................       #define LCD_DATA_PORT      0x06     //portb 
....................       #define set_tris_lcd(x)   set_tris_b(x) 
....................    #else 
....................      #if defined(PIN_D0) 
....................       #define LCD_DATA_PORT      getenv("SFR:PORTD")     //portd 
....................      #else 
....................       #define LCD_DATA_PORT      getenv("SFR:PORTB")     //portb 
....................      #endif 
....................    #endif    
.................... #endif 
....................  
.................... #if defined(__PCB__) 
....................    LCD_PIN_MAP lcd, lcdlat; 
....................    #byte lcd = LCD_DATA_PORT 
....................    #byte lcdlat = LCD_DATA_PORT 
.................... #elif defined(__PCM__) 
....................    LCD_PIN_MAP lcd, lcdlat, lcdtris; 
....................    #byte lcd = LCD_DATA_PORT 
....................    #byte lcdlat = LCD_DATA_PORT 
....................    #byte lcdtris = LCD_DATA_PORT+0x80 
.................... #elif defined(__PCH__) 
....................    LCD_PIN_MAP lcd, lcdlat, lcdtris; 
....................    #byte lcd = LCD_DATA_PORT 
....................    #byte lcdlat = LCD_DATA_PORT+9 
....................    #byte lcdtris = LCD_DATA_PORT+0x12 
.................... #elif defined(__PCD__) 
....................    LCD_PIN_MAP lcd, lcdlat, lcdtris; 
....................    #word lcd = LCD_DATA_PORT 
....................    #word lcdlat = LCD_DATA_PORT+2 
....................    #word lcdtris = LCD_DATA_PORT-0x02 
.................... #endif 
.................... #endif   //LCD_DATA4 not defined 
....................  
.................... #ifndef LCD_TYPE 
....................    #define LCD_TYPE 2           // 0=5x7, 1=5x10, 2=2 lines 
.................... #endif 
....................  
.................... #ifndef LCD_LINE_TWO 
....................    #define LCD_LINE_TWO 0x40    // LCD RAM address for the second line 
.................... #endif 
....................  
.................... #ifndef LCD_LINE_LENGTH 
....................    #define LCD_LINE_LENGTH 20 
.................... #endif 
....................  
.................... unsigned int8 lcd_read_nibble(void); 
....................  
.................... unsigned int8 lcd_read_byte(void) 
.................... { 
....................    unsigned int8 low,high; 
....................  
....................  #if defined(__PCB__) 
....................    set_tris_lcd(LCD_INPUT_MAP); 
....................  #else 
....................   #if (defined(LCD_DATA4) && defined(LCD_DATA5) && defined(LCD_DATA6) && defined(LCD_DATA7)) 
....................    output_float(LCD_DATA4); 
....................    output_float(LCD_DATA5); 
....................    output_float(LCD_DATA6); 
....................    output_float(LCD_DATA7); 
....................   #else 
....................    lcdtris.data = 0xF; 
*
0094:  MOVLW  0F
0095:  BSF    03.5
0096:  ANDWF  08,W
0097:  IORLW  F0
0098:  MOVWF  08
....................   #endif 
....................  #endif 
....................          
....................    lcd_output_rw(1); 
0099:  BCF    03.5
009A:  BSF    08.2
....................    delay_cycles(1); 
009B:  NOP
....................    lcd_output_enable(1); 
009C:  BSF    08.0
....................    delay_cycles(1); 
009D:  NOP
....................    high = lcd_read_nibble(); 
009E:  CALL   088
009F:  MOVF   78,W
00A0:  MOVWF  2D
....................        
....................    lcd_output_enable(0); 
00A1:  BCF    08.0
....................    delay_cycles(1); 
00A2:  NOP
....................    lcd_output_enable(1); 
00A3:  BSF    08.0
....................    delay_us(1); 
00A4:  NOP
....................    low = lcd_read_nibble(); 
00A5:  CALL   088
00A6:  MOVF   78,W
00A7:  MOVWF  2C
....................        
....................    lcd_output_enable(0); 
00A8:  BCF    08.0
....................  
....................  #if defined(__PCB__) 
....................    set_tris_lcd(LCD_OUTPUT_MAP); 
....................  #else 
....................   #if (defined(LCD_DATA4) && defined(LCD_DATA5) && defined(LCD_DATA6) && defined(LCD_DATA7)) 
....................    output_drive(LCD_DATA4); 
....................    output_drive(LCD_DATA5); 
....................    output_drive(LCD_DATA6); 
....................    output_drive(LCD_DATA7); 
....................   #else 
....................    lcdtris.data = 0x0; 
00A9:  MOVLW  0F
00AA:  BSF    03.5
00AB:  ANDWF  08,W
00AC:  MOVWF  08
....................   #endif 
....................  #endif 
....................  
....................    return( (high<<4) | low); 
00AD:  BCF    03.5
00AE:  SWAPF  2D,W
00AF:  MOVWF  77
00B0:  MOVLW  F0
00B1:  ANDWF  77,F
00B2:  MOVF   77,W
00B3:  IORWF  2C,W
00B4:  MOVWF  78
.................... } 
....................  
.................... unsigned int8 lcd_read_nibble(void) 
.................... { 
....................   #if (defined(LCD_DATA4) && defined(LCD_DATA5) && defined(LCD_DATA6) && defined(LCD_DATA7)) 
....................    unsigned int8 n = 0x00; 
....................  
....................    /* Read the data port */ 
....................    n |= input(LCD_DATA4); 
....................    n |= input(LCD_DATA5) << 1; 
....................    n |= input(LCD_DATA6) << 2; 
....................    n |= input(LCD_DATA7) << 3; 
....................     
....................    return(n); 
....................   #else 
....................    return(lcd.data); 
*
0088:  MOVF   08,W
0089:  MOVWF  77
008A:  SWAPF  08,W
008B:  ANDLW  0F
008C:  MOVWF  78
....................   #endif 
008D:  RETURN
.................... } 
....................  
.................... void lcd_send_nibble(unsigned int8 n) 
.................... { 
....................   #if (defined(LCD_DATA4) && defined(LCD_DATA5) && defined(LCD_DATA6) && defined(LCD_DATA7)) 
....................    /* Write to the data port */ 
....................    output_bit(LCD_DATA4, bit_test(n, 0)); 
....................    output_bit(LCD_DATA5, bit_test(n, 1)); 
....................    output_bit(LCD_DATA6, bit_test(n, 2)); 
....................    output_bit(LCD_DATA7, bit_test(n, 3)); 
....................   #else       
....................    lcdlat.data = n; 
*
007C:  SWAPF  2D,W
007D:  ANDLW  F0
007E:  MOVWF  77
007F:  MOVLW  0F
0080:  ANDWF  08,W
0081:  IORWF  77,W
0082:  MOVWF  08
....................   #endif 
....................        
....................    delay_cycles(1); 
0083:  NOP
....................    lcd_output_enable(1); 
0084:  BSF    08.0
....................    delay_us(2); 
0085:  GOTO   086
....................    lcd_output_enable(0); 
0086:  BCF    08.0
0087:  RETURN
.................... } 
....................  
.................... void lcd_send_byte(unsigned int8 address, unsigned int8 n) 
.................... { 
....................   #if defined(__PCB__) 
....................    set_tris_lcd(LCD_OUTPUT_MAP); 
....................   #else 
....................    lcd_enable_tris(); 
*
008E:  BSF    03.5
008F:  BCF    08.0
....................    lcd_rs_tris(); 
0090:  BCF    08.1
....................    lcd_rw_tris(); 
0091:  BCF    08.2
....................   #endif 
....................  
....................    lcd_output_rs(0); 
0092:  BCF    03.5
0093:  BCF    08.1
....................    while ( bit_test(lcd_read_byte(),7) ) ; 
*
00B5:  MOVF   78,W
00B6:  MOVWF  2C
00B7:  BTFSC  2C.7
00B8:  GOTO   094
....................    lcd_output_rs(address); 
00B9:  BTFSS  2A.0
00BA:  BCF    08.1
00BB:  BTFSC  2A.0
00BC:  BSF    08.1
....................    delay_cycles(1); 
00BD:  NOP
....................    lcd_output_rw(0); 
00BE:  BCF    08.2
....................    delay_cycles(1); 
00BF:  NOP
....................    lcd_output_enable(0); 
00C0:  BCF    08.0
....................    lcd_send_nibble(n >> 4); 
00C1:  SWAPF  2B,W
00C2:  MOVWF  2C
00C3:  MOVLW  0F
00C4:  ANDWF  2C,F
00C5:  MOVF   2C,W
00C6:  MOVWF  2D
00C7:  CALL   07C
....................    lcd_send_nibble(n & 0xf); 
00C8:  MOVF   2B,W
00C9:  ANDLW  0F
00CA:  MOVWF  2C
00CB:  MOVWF  2D
00CC:  CALL   07C
00CD:  RETURN
.................... } 
....................  
.................... #if defined(LCD_EXTENDED_NEWLINE) 
.................... unsigned int8 g_LcdX, g_LcdY; 
.................... #endif 
....................  
.................... void lcd_init(void)  
.................... { 
....................    unsigned int8 i; 
....................    unsigned int8 LCD_INIT_STRING[4] = {0x20 | (LCD_TYPE << 2), 0xc, 1, 6}; 
00CE:  MOVLW  28
00CF:  MOVWF  23
00D0:  MOVLW  0C
00D1:  MOVWF  24
00D2:  MOVLW  01
00D3:  MOVWF  25
00D4:  MOVLW  06
00D5:  MOVWF  26
....................                              // These bytes need to be sent to the LCD 
....................                              // to start it up. 
....................     
....................  
....................    lcd_output_enable(0); 
00D6:  BCF    08.0
....................    lcd_output_rs(0); 
00D7:  BCF    08.1
....................    lcd_output_rw(0); 
00D8:  BCF    08.2
....................  
....................  #if defined(__PCB__) 
....................    set_tris_lcd(LCD_OUTPUT_MAP); 
....................  #else 
....................   #if (defined(LCD_DATA4) && defined(LCD_DATA5) && defined(LCD_DATA6) && defined(LCD_DATA7)) 
....................    output_drive(LCD_DATA4); 
....................    output_drive(LCD_DATA5); 
....................    output_drive(LCD_DATA6); 
....................    output_drive(LCD_DATA7); 
....................   #else 
....................    lcdtris.data = 0x0; 
00D9:  MOVLW  0F
00DA:  BSF    03.5
00DB:  ANDWF  08,W
00DC:  MOVWF  08
....................   #endif 
....................    lcd_enable_tris(); 
00DD:  BCF    08.0
....................    lcd_rs_tris(); 
00DE:  BCF    08.1
....................    lcd_rw_tris(); 
00DF:  BCF    08.2
....................  #endif 
....................      
....................    delay_ms(15); 
00E0:  MOVLW  0F
00E1:  BCF    03.5
00E2:  MOVWF  27
00E3:  CALL   067
....................    for(i=1;i<=3;++i) 
00E4:  MOVLW  01
00E5:  MOVWF  22
00E6:  MOVF   22,W
00E7:  SUBLW  03
00E8:  BTFSS  03.0
00E9:  GOTO   0F2
....................    { 
....................        lcd_send_nibble(3); 
00EA:  MOVLW  03
00EB:  MOVWF  2D
00EC:  CALL   07C
....................        delay_ms(5); 
00ED:  MOVLW  05
00EE:  MOVWF  27
00EF:  CALL   067
00F0:  INCF   22,F
00F1:  GOTO   0E6
....................    } 
....................     
....................    lcd_send_nibble(2); 
00F2:  MOVLW  02
00F3:  MOVWF  2D
00F4:  CALL   07C
....................    delay_ms(5); 
00F5:  MOVLW  05
00F6:  MOVWF  27
00F7:  CALL   067
....................    for(i=0;i<=3;++i) 
00F8:  CLRF   22
00F9:  MOVF   22,W
00FA:  SUBLW  03
00FB:  BTFSS  03.0
00FC:  GOTO   109
....................       lcd_send_byte(0,LCD_INIT_STRING[i]); 
00FD:  MOVLW  23
00FE:  ADDWF  22,W
00FF:  MOVWF  04
0100:  BCF    03.7
0101:  MOVF   00,W
0102:  MOVWF  27
0103:  CLRF   2A
0104:  MOVF   27,W
0105:  MOVWF  2B
0106:  CALL   08E
....................  
....................   #if defined(LCD_EXTENDED_NEWLINE) 
0107:  INCF   22,F
0108:  GOTO   0F9
0109:  BCF    0A.3
010A:  BCF    0A.4
010B:  GOTO   21D (RETURN)
....................    g_LcdX = 0; 
....................    g_LcdY = 0; 
....................   #endif 
.................... } 
....................  
.................... void lcd_gotoxy(unsigned int8 x, unsigned int8 y) 
.................... { 
....................    unsigned int8 address; 
....................     
....................    if(y!=1) 
010C:  DECFSZ 27,W
010D:  GOTO   10F
010E:  GOTO   112
....................       address=LCD_LINE_TWO; 
010F:  MOVLW  40
0110:  MOVWF  28
0111:  GOTO   113
....................    else 
....................       address=0; 
0112:  CLRF   28
....................       
....................    address+=x-1; 
0113:  MOVLW  01
0114:  SUBWF  26,W
0115:  ADDWF  28,F
....................    lcd_send_byte(0,0x80|address); 
0116:  MOVF   28,W
0117:  IORLW  80
0118:  MOVWF  29
0119:  CLRF   2A
011A:  MOVF   29,W
011B:  MOVWF  2B
011C:  CALL   08E
....................  
....................   #if defined(LCD_EXTENDED_NEWLINE) 
011D:  RETURN
....................    g_LcdX = x - 1; 
....................    g_LcdY = y - 1; 
....................   #endif 
.................... } 
....................  
.................... void lcd_putc(char c) 
.................... { 
....................    switch (c) 
011E:  MOVF   25,W
011F:  XORLW  07
0120:  BTFSC  03.2
0121:  GOTO   12C
0122:  XORLW  0B
0123:  BTFSC  03.2
0124:  GOTO   131
0125:  XORLW  06
0126:  BTFSC  03.2
0127:  GOTO   139
0128:  XORLW  02
0129:  BTFSC  03.2
012A:  GOTO   13F
012B:  GOTO   144
....................    { 
....................       case '\a'   :  lcd_gotoxy(1,1);     break; 
012C:  MOVLW  01
012D:  MOVWF  26
012E:  MOVWF  27
012F:  CALL   10C
0130:  GOTO   149
....................  
....................       case '\f'   :  lcd_send_byte(0,1); 
0131:  CLRF   2A
0132:  MOVLW  01
0133:  MOVWF  2B
0134:  CALL   08E
....................                      delay_ms(2); 
0135:  MOVLW  02
0136:  MOVWF  27
0137:  CALL   067
....................                     #if defined(LCD_EXTENDED_NEWLINE) 
....................                      g_LcdX = 0; 
....................                      g_LcdY = 0; 
....................                     #endif 
....................                      break; 
0138:  GOTO   149
....................  
....................      #if defined(LCD_EXTENDED_NEWLINE) 
....................       case '\r'   :  lcd_gotoxy(1, g_LcdY+1);   break; 
....................       case '\n'   : 
....................          while (g_LcdX++ < LCD_LINE_LENGTH) 
....................          { 
....................             lcd_send_byte(1, ' '); 
....................          } 
....................          lcd_gotoxy(1, g_LcdY+2); 
....................          break; 
....................      #else 
....................       case '\n'   : lcd_gotoxy(1,2);        break; 
0139:  MOVLW  01
013A:  MOVWF  26
013B:  MOVLW  02
013C:  MOVWF  27
013D:  CALL   10C
013E:  GOTO   149
....................      #endif 
....................       
....................       case '\b'   : lcd_send_byte(0,0x10);  break; 
013F:  CLRF   2A
0140:  MOVLW  10
0141:  MOVWF  2B
0142:  CALL   08E
0143:  GOTO   149
....................       
....................      #if defined(LCD_EXTENDED_NEWLINE) 
....................       default     :  
....................          if (g_LcdX < LCD_LINE_LENGTH) 
....................          { 
....................             lcd_send_byte(1, c); 
....................             g_LcdX++; 
....................          } 
....................          break; 
....................      #else 
....................       default     : lcd_send_byte(1,c);     break; 
0144:  MOVLW  01
0145:  MOVWF  2A
0146:  MOVF   25,W
0147:  MOVWF  2B
0148:  CALL   08E
....................      #endif 
....................    } 
0149:  RETURN
.................... } 
....................   
.................... char lcd_getc(unsigned int8 x, unsigned int8 y) 
.................... { 
....................    char value; 
....................  
....................    lcd_gotoxy(x,y); 
....................    while ( bit_test(lcd_read_byte(),7) ); // wait until busy flag is low 
....................    lcd_output_rs(1); 
....................    value = lcd_read_byte(); 
....................    lcd_output_rs(0); 
....................     
....................    return(value); 
.................... } 
....................  
.................... // write a custom character to the ram 
.................... // which is 0-7 and specifies which character array we are modifying. 
.................... // ptr points to an array of 8 bytes, where each byte is the next row of 
.................... //    pixels.  only bits 0-4 are used.  the last row is the cursor row, and 
.................... //    usually you will want to leave this byte 0x00. 
.................... void lcd_set_cgram_char(unsigned int8 which, unsigned int8 *ptr) 
.................... { 
....................    unsigned int i; 
....................  
....................    which <<= 3; 
....................    which &= 0x38; 
....................  
....................    lcd_send_byte(0, 0x40 | which);  //set cgram address 
....................  
....................    for(i=0; i<8; i++) 
....................    { 
....................       lcd_send_byte(1, *ptr++); 
....................    } 
....................    
....................    #if defined(LCD_EXTENDED_NEWLINE) 
....................     lcd_gotoxy(g_LcdX+1, g_LcdY+1);  //set ddram address 
....................    #endif 
.................... } 
....................  
.................... void lcd_cursor_on(int1 on) 
.................... { 
....................    if (on) 
....................    { 
....................       lcd_send_byte(0,0x0F);           //turn LCD cursor ON 
....................    } 
....................    else 
....................    { 
....................       lcd_send_byte(0,0x0C);           //turn LCD cursor OFF 
....................    } 
.................... } 
....................  
.................... #endif 
....................  
....................  
.................... #define LED1 PIN_B0    // Definimos el primer LED en el pin B0 
.................... #define Foco PIN_B1    // Definimos el Foco en el pin B1 
.................... #define PIR_SENSOR PIN_A0  // Pin para el sensor PIR 
....................  
.................... void main() { 
*
01F8:  MOVF   03,W
01F9:  ANDLW  1F
01FA:  MOVWF  03
01FB:  MOVLW  61
01FC:  BSF    03.5
01FD:  MOVWF  0F
01FE:  MOVF   0F,W
01FF:  BSF    03.6
0200:  BCF    07.3
0201:  MOVLW  19
0202:  BCF    03.6
0203:  MOVWF  19
0204:  MOVLW  A6
0205:  MOVWF  18
0206:  MOVLW  90
0207:  BCF    03.5
0208:  MOVWF  18
0209:  MOVLW  FF
020A:  MOVWF  20
020B:  BSF    03.5
020C:  BSF    03.6
020D:  MOVF   09,W
020E:  ANDLW  C0
020F:  MOVWF  09
0210:  BCF    03.6
0211:  BCF    1F.4
0212:  BCF    1F.5
0213:  MOVLW  00
0214:  BSF    03.6
0215:  MOVWF  08
0216:  BCF    03.5
0217:  CLRF   07
0218:  CLRF   08
0219:  CLRF   09
021A:  BCF    03.7
....................     char comando;  // Variable para almacenar el comando recibido vía serie 
....................     lcd_init();   
021B:  BCF    03.6
021C:  GOTO   0CE
....................     setup_adc_ports(NO_ANALOGS);   
021D:  BSF    03.5
021E:  BSF    03.6
021F:  MOVF   09,W
0220:  ANDLW  C0
0221:  MOVWF  09
0222:  BCF    03.6
0223:  BCF    1F.4
0224:  BCF    1F.5
0225:  MOVLW  00
0226:  BSF    03.6
0227:  MOVWF  08
....................     set_tris_b(0b11111100);  // Configurar RB0 y RB1 como salidas; el resto como entradas 
0228:  MOVLW  FC
0229:  BCF    03.6
022A:  MOVWF  06
....................     set_tris_c(0b11111111);  // Configurar todo el puerto C como entradas, para leer el PIR 
022B:  MOVLW  FF
022C:  MOVWF  07
022D:  BCF    03.5
022E:  MOVWF  20
....................  
....................     while (true) { 
....................          //Interacción con interfaz 
....................         if (kbhit()) {   
022F:  BTFSS  0C.5
0230:  GOTO   299
....................             comando = getc();  // Leer el comando recibido 
0231:  BTFSS  0C.5
0232:  GOTO   231
0233:  MOVF   1A,W
0234:  MOVWF  21
....................             // Instrucciones para cada comando recibido 
....................             switch (comando) { 
0235:  MOVLW  31
0236:  SUBWF  21,W
0237:  ADDLW  FC
0238:  BTFSC  03.0
0239:  GOTO   299
023A:  ADDLW  04
023B:  GOTO   2E6
....................                 // Apagar LED 1 
....................                 case '2': 
....................                     output_low(LED1);  
023C:  BSF    03.5
023D:  BCF    06.0
023E:  BCF    03.5
023F:  BCF    06.0
....................                     lcd_gotoxy(1, 1); 
0240:  MOVLW  01
0241:  MOVWF  26
0242:  MOVWF  27
0243:  CALL   10C
....................                     printf(lcd_putc, "LED1: -Apagado-"); 
0244:  MOVLW  04
0245:  BSF    03.6
0246:  MOVWF  0D
0247:  MOVLW  00
0248:  MOVWF  0F
0249:  BCF    03.6
024A:  CALL   14A
....................                     printf("LED1 Apagado\r\n"); 
024B:  MOVLW  0C
024C:  BSF    03.6
024D:  MOVWF  0D
024E:  MOVLW  00
024F:  MOVWF  0F
0250:  BCF    03.6
0251:  CALL   1A0
....................                     break; 
0252:  GOTO   299
....................  
....................                 // Encender LED 1 
....................                 case '1': 
....................                     output_high(LED1);   
0253:  BSF    03.5
0254:  BCF    06.0
0255:  BCF    03.5
0256:  BSF    06.0
....................                     lcd_gotoxy(1, 1); 
0257:  MOVLW  01
0258:  MOVWF  26
0259:  MOVWF  27
025A:  CALL   10C
....................                     printf(lcd_putc, "LED1: Encendido"); 
025B:  MOVLW  14
025C:  BSF    03.6
025D:  MOVWF  0D
025E:  MOVLW  00
025F:  MOVWF  0F
0260:  BCF    03.6
0261:  CALL   14A
....................                     printf("LED1 Encendido\r\n"); 
0262:  MOVLW  1C
0263:  BSF    03.6
0264:  MOVWF  0D
0265:  MOVLW  00
0266:  MOVWF  0F
0267:  BCF    03.6
0268:  CALL   1A0
....................                     break; 
0269:  GOTO   299
....................  
....................                 // Encender Foco (Comando por terminal) 
....................                 case '3': 
....................                     output_high(Foco);   
026A:  BSF    03.5
026B:  BCF    06.1
026C:  BCF    03.5
026D:  BSF    06.1
....................                     lcd_gotoxy(1, 2); 
026E:  MOVLW  01
026F:  MOVWF  26
0270:  MOVLW  02
0271:  MOVWF  27
0272:  CALL   10C
....................                     printf(lcd_putc, "Foco: Encendido"); 
0273:  MOVLW  25
0274:  BSF    03.6
0275:  MOVWF  0D
0276:  MOVLW  00
0277:  MOVWF  0F
0278:  BCF    03.6
0279:  CALL   14A
....................                     printf("Foco Encendido\r\n"); 
027A:  MOVLW  2D
027B:  BSF    03.6
027C:  MOVWF  0D
027D:  MOVLW  00
027E:  MOVWF  0F
027F:  BCF    03.6
0280:  CALL   1A0
....................                     break; 
0281:  GOTO   299
....................  
....................                 // Apagar Foco (Comando por terminal) 
....................                 case '4': 
....................                     output_low(Foco);   
0282:  BSF    03.5
0283:  BCF    06.1
0284:  BCF    03.5
0285:  BCF    06.1
....................                     lcd_gotoxy(1, 2); 
0286:  MOVLW  01
0287:  MOVWF  26
0288:  MOVLW  02
0289:  MOVWF  27
028A:  CALL   10C
....................                     printf(lcd_putc, "Foco: -Apagado-"); 
028B:  MOVLW  36
028C:  BSF    03.6
028D:  MOVWF  0D
028E:  MOVLW  00
028F:  MOVWF  0F
0290:  BCF    03.6
0291:  CALL   14A
....................                     printf("Foco Apagado\r\n"); 
0292:  MOVLW  3E
0293:  BSF    03.6
0294:  MOVWF  0D
0295:  MOVLW  00
0296:  MOVWF  0F
0297:  BCF    03.6
0298:  CALL   1A0
....................                     break; 
....................             } 
....................         } 
....................  
....................         // Leer el estado del sensor PIR y encender o apagar Foco 
....................         if (input(PIR_SENSOR)) {  // Si el sensor PIR detecta movimiento (HIGH) 
0299:  BSF    03.5
029A:  BSF    05.0
029B:  BCF    03.5
029C:  BTFSS  05.0
029D:  GOTO   2BE
....................             if (comando != '3' && comando != '4') { 
029E:  MOVF   21,W
029F:  SUBLW  33
02A0:  BTFSC  03.2
02A1:  GOTO   2BD
02A2:  MOVF   21,W
02A3:  SUBLW  34
02A4:  BTFSC  03.2
02A5:  GOTO   2BD
....................                output_high(Foco); 
02A6:  BSF    03.5
02A7:  BCF    06.1
02A8:  BCF    03.5
02A9:  BSF    06.1
....................                lcd_gotoxy(1, 2); 
02AA:  MOVLW  01
02AB:  MOVWF  26
02AC:  MOVLW  02
02AD:  MOVWF  27
02AE:  CALL   10C
....................                printf(lcd_putc, "Foco: Encendido"); 
02AF:  MOVLW  46
02B0:  BSF    03.6
02B1:  MOVWF  0D
02B2:  MOVLW  00
02B3:  MOVWF  0F
02B4:  BCF    03.6
02B5:  CALL   14A
....................                printf("Foco Encendido\r\n"); 
02B6:  MOVLW  4E
02B7:  BSF    03.6
02B8:  MOVWF  0D
02B9:  MOVLW  00
02BA:  MOVWF  0F
02BB:  BCF    03.6
02BC:  CALL   1A0
....................             } 
....................         } else {  // Si no hay movimiento (LOW) 
02BD:  GOTO   2DD
....................             // Solo apagar el Foco si no está siendo controlado por el comando 
....................             if (comando != '3' && comando != '4') { 
02BE:  MOVF   21,W
02BF:  SUBLW  33
02C0:  BTFSC  03.2
02C1:  GOTO   2DD
02C2:  MOVF   21,W
02C3:  SUBLW  34
02C4:  BTFSC  03.2
02C5:  GOTO   2DD
....................                 output_low(Foco); 
02C6:  BSF    03.5
02C7:  BCF    06.1
02C8:  BCF    03.5
02C9:  BCF    06.1
....................                 lcd_gotoxy(1, 2); 
02CA:  MOVLW  01
02CB:  MOVWF  26
02CC:  MOVLW  02
02CD:  MOVWF  27
02CE:  CALL   10C
....................                 printf(lcd_putc, "Foco: -Apagado-"); 
02CF:  MOVLW  57
02D0:  BSF    03.6
02D1:  MOVWF  0D
02D2:  MOVLW  00
02D3:  MOVWF  0F
02D4:  BCF    03.6
02D5:  CALL   14A
....................                 printf("Foco Apagado\r\n"); 
02D6:  MOVLW  5F
02D7:  BSF    03.6
02D8:  MOVWF  0D
02D9:  MOVLW  00
02DA:  MOVWF  0F
02DB:  BCF    03.6
02DC:  CALL   1A0
....................             } 
....................         } 
....................  
....................         delay_ms(400);  // Esperar un poco para no saturar el microcontrolador 
02DD:  MOVLW  02
02DE:  MOVWF  22
02DF:  MOVLW  C8
02E0:  MOVWF  27
02E1:  CALL   067
02E2:  DECFSZ 22,F
02E3:  GOTO   2DF
02E4:  GOTO   22F
....................     } 
.................... } 
....................  
02E5:  SLEEP

Configuration Fuses:
   Word  1: 2CA4   INTRC_IO NOWDT PUT MCLR PROTECT NOCPD NOBROWNOUT IESO FCMEN NOLVP NODEBUG
   Word  2: 3FFF   BORV40 NOWRT
