
ROM used:   750/8192 (9%)
            750/8192 (9%) including unused fragments

            0.6 Average locations per line
            5.8 Average locations per statement

RAM used:   8/368 (2%) at main() level
            20/368 (5%) worst case

Stack used: 5 worst case (5 in main + 0 for interrupts)
Stack size: 8

Lines Stmts  %   Files
----- ----- ---  -----
   81    46  35  C8.c
  768     0   0  C:\Program Files (x86)\PICC\Devices\16f887.h
  456    84  65  C:\Program Files (x86)\PICC\Drivers\lcd.c
----- -----
 1305   130 Total

Page ROM  %  RAM   Vol Diff  Functions:
---- --- --- ---   --- ----  ----------
0     21   3    1             @delay_ms1
 Inline         3   596  5.9  lcd_read_byte
0      6   1    0    59  4.2  lcd_read_nibble
0     12   2    1   179  3.3  lcd_send_nibble
0     64   9    3   460  4.7  lcd_send_byte
0     62   8    6   814  7.2  lcd_init
0     18   2    4   208  6.3  lcd_gotoxy
0     44   6    1   354  4.7  lcd_putc
0    238  32    2  1416  6.8  MAIN
0      8   1    0             @const666
0     86  11    4             @PSTRINGC7_649
0      8   1    0             @const668
0     88  12    4             @PSTRINGC7_9600_62_63
0      8   1    0             @const670
0      9   1    0             @const671
0      8   1    0             @const672
0      9   1    0             @const673
0      8   1    0             @const674
0      8   1    0             @const675
0      8   1    0             @goto10685
0      8   1    0             @const677
0      9   1    0             @const678
0      8   1    0             @const679
0      8   1    0             @const680
 Inline         0             @cinit1

Program metrics:
    Functions               8
    Statements              130
    Comments                245
    Volume (V)              6005
    Difficulty (D)          39.5
    Effort to implement (E) 237112
    Time to implement (T)   3 hours, 40 minutes
    Est Delivered Bugs (B)  1
    Cyclomatic Complexity   16
    Maintainability (MI)    129

 Segment     Used  Free
-----------  ----  ----
00000-00003     4  0  
00004-007FF   746  1298  
00800-00FFF     0  2048  
01000-017FF     0  2048  
01800-01FFF     0  2048  



